<?xml version="1.0" encoding="UTF-8"?>
<testng-results skipped="0" failed="0" ignored="0" total="1" passed="1">
  <reporter-output>
  </reporter-output>
  <suite name="MockTest" duration-ms="12594" started-at="2019-10-03T10:13:47Z" finished-at="2019-10-03T10:14:00Z">
    <groups>
    </groups>
    <test name="Command line test" duration-ms="12594" started-at="2019-10-03T10:13:47Z" finished-at="2019-10-03T10:14:00Z">
      <class name="MockTest">
        <test-method status="PASS" signature="loginTest()[pri:0, instance:MockTest@6b71769e]" name="loginTest" duration-ms="12581" started-at="2019-10-03T13:13:47Z" finished-at="2019-10-03T13:14:00Z">
          <reporter-output>
          </reporter-output>
        </test-method> <!-- loginTest -->
      </class> <!-- MockTest -->
    </test> <!-- Command line test -->
  </suite> <!-- MockTest -->
</testng-results>
